<?xml version="1.0" encoding="UTF-8"?>
<testng-results ignored="0" total="1" passed="1" failed="0" skipped="0">
  <reporter-output>
  </reporter-output>
  <suite started-at="2023-02-07T11:39:07 IST" name="Default suite" finished-at="2023-02-07T11:39:07 IST" duration-ms="117">
    <groups>
    </groups>
    <test started-at="2023-02-07T11:39:07 IST" name="Default test" finished-at="2023-02-07T11:39:07 IST" duration-ms="117">
      <class name="temp.TestClass">
        <test-method signature="testMethod()[pri:0, instance:temp.TestClass@5d1e09bc]" started-at="2023-02-07T11:39:07 IST" name="testMethod" finished-at="2023-02-07T11:39:07 IST" duration-ms="16" status="PASS">
          <reporter-output>
          </reporter-output>
        </test-method> <!-- testMethod -->
      </class> <!-- temp.TestClass -->
    </test> <!-- Default test -->
  </suite> <!-- Default suite -->
</testng-results>
